[MAIN] Char2vec training...
    [INFO] Vector dimension: 300
[TIME] Duration for char2vec: 44 min
[MAIN] Char2clusters training...
    [INFO] Number of clusters: 1500
[TIME] Duration for char2clusters: 0 min
[MAIN] Cooccurrence matrix calculating...
2017-11-04 01:42:57,930 : INFO : loading Word2Vec object from src/output/d_300_k_1500/char2vec.bin
2017-11-04 01:42:58,247 : INFO : loading wv recursively from src/output/d_300_k_1500/char2vec.bin.wv.* with mmap=None
2017-11-04 01:42:58,248 : INFO : setting ignored attribute syn0norm to None
2017-11-04 01:42:58,248 : INFO : setting ignored attribute cum_table to None
2017-11-04 01:42:58,248 : INFO : loaded src/output/d_300_k_1500/char2vec.bin
2017-11-04 01:42:58,408 : INFO : Processing line 0...
2017-11-04 01:44:06,895 : INFO : Processing line 1000...
2017-11-04 01:45:00,044 : INFO : Processing line 2000...
2017-11-04 01:45:49,842 : INFO : Processing line 3000...
2017-11-04 01:46:36,131 : INFO : Processing line 4000...
2017-11-04 01:47:20,167 : INFO : Processing line 5000...
2017-11-04 01:47:58,660 : INFO : Processing line 6000...
2017-11-04 01:48:39,722 : INFO : Processing line 7000...
2017-11-04 01:49:18,442 : INFO : Processing line 8000...
2017-11-04 01:49:56,628 : INFO : Processing line 9000...
2017-11-04 01:50:40,592 : INFO : Processing line 10000...
2017-11-04 01:51:17,308 : INFO : Processing line 11000...
2017-11-04 01:51:51,609 : INFO : Processing line 12000...
2017-11-04 01:52:23,512 : INFO : Processing line 13000...
2017-11-04 01:52:59,780 : INFO : Processing line 14000...
2017-11-04 01:53:35,943 : INFO : Processing line 15000...
2017-11-04 01:54:09,210 : INFO : Processing line 16000...
2017-11-04 01:54:40,284 : INFO : Processing line 17000...
2017-11-04 01:55:11,896 : INFO : Processing line 18000...
2017-11-04 01:55:43,783 : INFO : Processing line 19000...
2017-11-04 01:56:17,115 : INFO : Processing line 20000...
2017-11-04 01:56:48,129 : INFO : Processing line 21000...
2017-11-04 01:57:19,610 : INFO : Processing line 22000...
2017-11-04 01:57:48,373 : INFO : Processing line 23000...
2017-11-04 01:58:18,356 : INFO : Processing line 24000...
2017-11-04 01:58:48,959 : INFO : Processing line 25000...
2017-11-04 01:59:14,664 : INFO : Processing line 26000...
2017-11-04 01:59:41,935 : INFO : Processing line 27000...
2017-11-04 02:00:06,859 : INFO : Processing line 28000...
2017-11-04 02:00:36,240 : INFO : Processing line 29000...
2017-11-04 02:01:09,260 : INFO : Processing line 30000...
2017-11-04 02:01:37,012 : INFO : Processing line 31000...
2017-11-04 02:02:04,442 : INFO : Processing line 32000...
2017-11-04 02:02:32,673 : INFO : Processing line 33000...
2017-11-04 02:03:00,997 : INFO : Processing line 34000...
2017-11-04 02:03:29,453 : INFO : Processing line 35000...
2017-11-04 02:03:54,915 : INFO : Processing line 36000...
2017-11-04 02:04:22,777 : INFO : Processing line 37000...
2017-11-04 02:04:50,514 : INFO : Processing line 38000...
2017-11-04 02:05:17,967 : INFO : Processing line 39000...
2017-11-04 02:05:46,055 : INFO : Processing line 40000...
2017-11-04 02:06:12,146 : INFO : Processing line 41000...
2017-11-04 02:06:37,323 : INFO : Processing line 42000...
2017-11-04 02:07:03,359 : INFO : Processing line 43000...
2017-11-04 02:07:28,971 : INFO : Processing line 44000...
2017-11-04 02:07:55,854 : INFO : Processing line 45000...
2017-11-04 02:08:22,213 : INFO : Processing line 46000...
2017-11-04 02:08:47,248 : INFO : Processing line 47000...
2017-11-04 02:09:12,677 : INFO : Processing line 48000...
2017-11-04 02:09:36,622 : INFO : Processing line 49000...
2017-11-04 02:10:04,952 : INFO : Processing line 50000...
2017-11-04 02:10:29,213 : INFO : Processing line 51000...
2017-11-04 02:10:52,422 : INFO : Processing line 52000...
2017-11-04 02:11:19,156 : INFO : Processing line 53000...
2017-11-04 02:11:41,980 : INFO : Processing line 54000...
2017-11-04 02:12:04,607 : INFO : Processing line 55000...
2017-11-04 02:12:29,078 : INFO : Processing line 56000...
2017-11-04 02:12:53,785 : INFO : Processing line 57000...
2017-11-04 02:13:18,881 : INFO : Processing line 58000...
2017-11-04 02:13:44,772 : INFO : Processing line 59000...
2017-11-04 02:14:08,168 : INFO : Processing line 60000...
2017-11-04 02:14:30,174 : INFO : Processing line 61000...
2017-11-04 02:14:53,893 : INFO : Processing line 62000...
2017-11-04 02:15:15,557 : INFO : Processing line 63000...
2017-11-04 02:15:38,718 : INFO : Processing line 64000...
2017-11-04 02:16:02,541 : INFO : Processing line 65000...
2017-11-04 02:16:25,869 : INFO : Processing line 66000...
2017-11-04 02:16:47,742 : INFO : Processing line 67000...
2017-11-04 02:17:13,902 : INFO : Processing line 68000...
2017-11-04 02:17:35,716 : INFO : Processing line 69000...
2017-11-04 02:17:59,248 : INFO : Processing line 70000...
2017-11-04 02:18:20,507 : INFO : Processing line 71000...
2017-11-04 02:18:41,830 : INFO : Processing line 72000...
2017-11-04 02:19:05,285 : INFO : Processing line 73000...
2017-11-04 02:19:27,352 : INFO : Processing line 74000...
2017-11-04 02:19:51,952 : INFO : Processing line 75000...
2017-11-04 02:20:15,491 : INFO : Processing line 76000...
2017-11-04 02:20:36,464 : INFO : Processing line 77000...
2017-11-04 02:20:57,126 : INFO : Processing line 78000...
2017-11-04 02:21:19,231 : INFO : Processing line 79000...
2017-11-04 02:21:44,696 : INFO : Processing line 80000...
2017-11-04 02:22:05,214 : INFO : Processing line 81000...
2017-11-04 02:22:24,892 : INFO : Processing line 82000...
2017-11-04 02:22:45,964 : INFO : Processing line 83000...
2017-11-04 02:23:05,742 : INFO : Processing line 84000...
2017-11-04 02:23:26,967 : INFO : Processing line 85000...
2017-11-04 02:23:48,462 : INFO : Processing line 86000...
2017-11-04 02:24:11,601 : INFO : Processing line 87000...
2017-11-04 02:24:31,669 : INFO : Processing line 88000...
2017-11-04 02:24:54,181 : INFO : Processing line 89000...
2017-11-04 02:25:13,800 : INFO : Processing line 90000...
2017-11-04 02:25:34,656 : INFO : Processing line 91000...
2017-11-04 02:25:56,385 : INFO : Processing line 92000...
2017-11-04 02:26:17,383 : INFO : Processing line 93000...
2017-11-04 02:26:38,403 : INFO : Processing line 94000...
2017-11-04 02:26:59,821 : INFO : Processing line 95000...
2017-11-04 02:27:20,143 : INFO : Processing line 96000...
2017-11-04 02:27:43,868 : INFO : Processing line 97000...
2017-11-04 02:28:07,502 : INFO : Processing line 98000...
2017-11-04 02:28:31,176 : INFO : Processing line 99000...
2017-11-04 02:28:53,350 : INFO : Processing line 100000...
2017-11-04 02:29:15,096 : INFO : Processing line 101000...
2017-11-04 02:29:34,481 : INFO : Processing line 102000...
2017-11-04 02:29:53,594 : INFO : Processing line 103000...
2017-11-04 02:30:12,797 : INFO : Processing line 104000...
2017-11-04 02:30:32,893 : INFO : Processing line 105000...
2017-11-04 02:30:54,087 : INFO : Processing line 106000...
2017-11-04 02:31:15,191 : INFO : Processing line 107000...
2017-11-04 02:31:36,016 : INFO : Processing line 108000...
2017-11-04 02:31:56,532 : INFO : Processing line 109000...
2017-11-04 02:32:15,167 : INFO : Processing line 110000...
2017-11-04 02:32:35,870 : INFO : Processing line 111000...
2017-11-04 02:32:56,027 : INFO : Processing line 112000...
2017-11-04 02:33:14,332 : INFO : Processing line 113000...
2017-11-04 02:33:35,879 : INFO : Processing line 114000...
2017-11-04 02:33:55,938 : INFO : Processing line 115000...
2017-11-04 02:34:10,603 : INFO : Processing line 116000...
2017-11-04 02:34:30,082 : INFO : Processing line 117000...
2017-11-04 02:34:50,265 : INFO : Processing line 118000...
2017-11-04 02:35:05,960 : INFO : Processing line 119000...
2017-11-04 02:35:26,515 : INFO : Processing line 120000...
2017-11-04 02:35:49,373 : INFO : Processing line 121000...
2017-11-04 02:36:11,071 : INFO : Processing line 122000...
2017-11-04 02:36:31,513 : INFO : Processing line 123000...
2017-11-04 02:36:54,452 : INFO : Processing line 124000...
2017-11-04 02:37:19,004 : INFO : Processing line 125000...
2017-11-04 02:37:40,627 : INFO : Processing line 126000...
2017-11-04 02:38:04,071 : INFO : Processing line 127000...
2017-11-04 02:38:27,250 : INFO : Processing line 128000...
2017-11-04 02:38:46,961 : INFO : Processing line 129000...
2017-11-04 02:39:06,981 : INFO : Processing line 130000...
2017-11-04 02:39:28,221 : INFO : Processing line 131000...
2017-11-04 02:39:52,569 : INFO : Processing line 132000...
2017-11-04 02:40:13,589 : INFO : Processing line 133000...
2017-11-04 02:40:33,783 : INFO : Processing line 134000...
2017-11-04 02:40:53,179 : INFO : Processing line 135000...
2017-11-04 02:41:12,215 : INFO : Processing line 136000...
2017-11-04 02:41:30,685 : INFO : Processing line 137000...
2017-11-04 02:41:49,233 : INFO : Processing line 138000...
2017-11-04 02:42:10,392 : INFO : Processing line 139000...
2017-11-04 02:42:30,852 : INFO : Processing line 140000...
2017-11-04 02:42:49,551 : INFO : Processing line 141000...
2017-11-04 02:43:10,408 : INFO : Processing line 142000...
2017-11-04 02:43:32,366 : INFO : Processing line 143000...
2017-11-04 02:43:53,879 : INFO : Processing line 144000...
2017-11-04 02:44:16,371 : INFO : Processing line 145000...
2017-11-04 02:44:35,715 : INFO : Processing line 146000...
2017-11-04 02:44:58,336 : INFO : Processing line 147000...
2017-11-04 02:45:19,037 : INFO : Processing line 148000...
2017-11-04 02:45:39,798 : INFO : Processing line 149000...
2017-11-04 02:45:59,479 : INFO : Processing line 150000...
2017-11-04 02:46:17,883 : INFO : Processing line 151000...
2017-11-04 02:46:39,216 : INFO : Processing line 152000...
2017-11-04 02:47:01,317 : INFO : Processing line 153000...
2017-11-04 02:47:24,368 : INFO : Processing line 154000...
2017-11-04 02:47:44,974 : INFO : Processing line 155000...
2017-11-04 02:48:05,885 : INFO : Processing line 156000...
2017-11-04 02:48:26,116 : INFO : Processing line 157000...
2017-11-04 02:48:46,875 : INFO : Processing line 158000...
2017-11-04 02:49:07,104 : INFO : Processing line 159000...
2017-11-04 02:49:28,971 : INFO : Processing line 160000...
2017-11-04 02:49:50,226 : INFO : Processing line 161000...
2017-11-04 02:50:14,141 : INFO : Processing line 162000...
2017-11-04 02:50:32,315 : INFO : Processing line 163000...
2017-11-04 02:50:48,703 : INFO : Processing line 164000...
2017-11-04 02:51:08,234 : INFO : Processing line 165000...
2017-11-04 02:51:28,026 : INFO : Processing line 166000...
2017-11-04 02:51:45,844 : INFO : Processing line 167000...
2017-11-04 02:52:05,788 : INFO : Processing line 168000...
2017-11-04 02:52:22,846 : INFO : Processing line 169000...
2017-11-04 02:52:41,926 : INFO : Processing line 170000...
2017-11-04 02:53:01,934 : INFO : Processing line 171000...
2017-11-04 02:53:20,762 : INFO : Processing line 172000...
2017-11-04 02:53:40,383 : INFO : Processing line 173000...
2017-11-04 02:54:02,551 : INFO : Processing line 174000...
2017-11-04 02:54:19,753 : INFO : Processing line 175000...
2017-11-04 02:54:38,506 : INFO : Processing line 176000...
2017-11-04 02:54:56,868 : INFO : Processing line 177000...
2017-11-04 02:55:14,375 : INFO : Processing line 178000...
2017-11-04 02:55:30,797 : INFO : Processing line 179000...
2017-11-04 02:55:50,411 : INFO : Processing line 180000...
2017-11-04 02:56:07,084 : INFO : Processing line 181000...
2017-11-04 02:56:22,558 : INFO : Processing line 182000...
2017-11-04 02:56:37,591 : INFO : Processing line 183000...
2017-11-04 02:56:54,219 : INFO : Processing line 184000...
2017-11-04 02:57:12,554 : INFO : Processing line 185000...
2017-11-04 02:57:30,357 : INFO : Processing line 186000...
2017-11-04 02:57:46,883 : INFO : Processing line 187000...
2017-11-04 02:58:01,563 : INFO : Processing line 188000...
2017-11-04 02:58:17,715 : INFO : Processing line 189000...
2017-11-04 02:58:34,522 : INFO : Processing line 190000...
2017-11-04 02:58:53,136 : INFO : Processing line 191000...
2017-11-04 02:59:11,259 : INFO : Processing line 192000...
2017-11-04 02:59:28,705 : INFO : Processing line 193000...
2017-11-04 02:59:47,050 : INFO : Processing line 194000...
2017-11-04 03:00:09,427 : INFO : Processing line 195000...
2017-11-04 03:00:26,189 : INFO : Processing line 196000...
2017-11-04 03:00:44,531 : INFO : Processing line 197000...
2017-11-04 03:01:01,849 : INFO : Processing line 198000...
2017-11-04 03:01:17,457 : INFO : Processing line 199000...
2017-11-04 03:01:35,078 : INFO : Processing line 200000...
2017-11-04 03:01:54,968 : INFO : Processing line 201000...
2017-11-04 03:02:10,453 : INFO : Processing line 202000...
2017-11-04 03:02:27,980 : INFO : Processing line 203000...
2017-11-04 03:02:42,559 : INFO : Processing line 204000...
2017-11-04 03:02:58,687 : INFO : Processing line 205000...
2017-11-04 03:03:18,951 : INFO : Processing line 206000...
2017-11-04 03:03:36,392 : INFO : Processing line 207000...
2017-11-04 03:03:50,508 : INFO : Processing line 208000...
2017-11-04 03:04:07,596 : INFO : Processing line 209000...
2017-11-04 03:04:24,225 : INFO : Processing line 210000...
2017-11-04 03:04:42,060 : INFO : Processing line 211000...
2017-11-04 03:04:59,133 : INFO : Processing line 212000...
2017-11-04 03:05:24,838 : INFO : Processing line 213000...
2017-11-04 03:05:45,863 : INFO : Processing line 214000...
2017-11-04 03:06:07,762 : INFO : Processing line 215000...
2017-11-04 03:06:26,260 : INFO : Processing line 216000...
2017-11-04 03:06:46,080 : INFO : Processing line 217000...
2017-11-04 03:07:03,896 : INFO : Processing line 218000...
2017-11-04 03:07:21,427 : INFO : Processing line 219000...
2017-11-04 03:07:41,573 : INFO : Processing line 220000...
2017-11-04 03:08:03,952 : INFO : Processing line 221000...
2017-11-04 03:08:21,592 : INFO : Processing line 222000...
2017-11-04 03:08:42,647 : INFO : Processing line 223000...
2017-11-04 03:09:03,393 : INFO : Processing line 224000...
2017-11-04 03:09:22,721 : INFO : Processing line 225000...
2017-11-04 03:09:41,108 : INFO : Processing line 226000...
2017-11-04 03:10:01,244 : INFO : Processing line 227000...
2017-11-04 03:10:18,865 : INFO : Processing line 228000...
2017-11-04 03:10:36,140 : INFO : Processing line 229000...
2017-11-04 03:10:54,008 : INFO : Processing line 230000...
2017-11-04 03:11:11,966 : INFO : Processing line 231000...
2017-11-04 03:11:28,560 : INFO : Processing line 232000...
2017-11-04 03:11:46,623 : INFO : Processing line 233000...
2017-11-04 03:12:04,763 : INFO : Processing line 234000...
2017-11-04 03:12:22,091 : INFO : Processing line 235000...
2017-11-04 03:12:41,797 : INFO : Processing line 236000...
2017-11-04 03:12:58,094 : INFO : Processing line 237000...
2017-11-04 03:13:17,605 : INFO : Processing line 238000...
2017-11-04 03:13:38,681 : INFO : Processing line 239000...
2017-11-04 03:13:59,508 : INFO : Processing line 240000...
2017-11-04 03:14:20,528 : INFO : Processing line 241000...
2017-11-04 03:14:39,468 : INFO : Processing line 242000...
2017-11-04 03:14:58,452 : INFO : Processing line 243000...
2017-11-04 03:15:19,440 : INFO : Processing line 244000...
2017-11-04 03:15:39,899 : INFO : Processing line 245000...
2017-11-04 03:15:57,759 : INFO : Processing line 246000...
2017-11-04 03:16:18,827 : INFO : Processing line 247000...
2017-11-04 03:16:37,826 : INFO : Processing line 248000...
2017-11-04 03:16:55,755 : INFO : Processing line 249000...
2017-11-04 03:17:13,776 : INFO : Processing line 250000...
2017-11-04 03:17:33,982 : INFO : Processing line 251000...
2017-11-04 03:17:54,413 : INFO : Processing line 252000...
2017-11-04 03:18:14,474 : INFO : Processing line 253000...
2017-11-04 03:18:34,254 : INFO : Processing line 254000...
2017-11-04 03:18:55,630 : INFO : Processing line 255000...
2017-11-04 03:19:15,035 : INFO : Processing line 256000...
2017-11-04 03:19:33,521 : INFO : Processing line 257000...
2017-11-04 03:19:55,175 : INFO : Processing line 258000...
2017-11-04 03:20:14,189 : INFO : Processing line 259000...
2017-11-04 03:20:32,119 : INFO : Processing line 260000...
2017-11-04 03:20:49,209 : INFO : Processing line 261000...
2017-11-04 03:21:07,904 : INFO : Processing line 262000...
2017-11-04 03:21:27,066 : INFO : Processing line 263000...
2017-11-04 03:21:49,696 : INFO : Processing line 264000...
2017-11-04 03:22:09,491 : INFO : Processing line 265000...
2017-11-04 03:22:28,389 : INFO : Processing line 266000...
2017-11-04 03:22:45,678 : INFO : Processing line 267000...
2017-11-04 03:23:04,783 : INFO : Processing line 268000...
2017-11-04 03:23:20,493 : INFO : Processing line 269000...
2017-11-04 03:23:37,583 : INFO : Processing line 270000...
2017-11-04 03:23:52,986 : INFO : Processing line 271000...
2017-11-04 03:24:10,226 : INFO : Processing line 272000...
2017-11-04 03:24:26,998 : INFO : Processing line 273000...
2017-11-04 03:24:43,799 : INFO : Processing line 274000...
2017-11-04 03:25:03,155 : INFO : Processing line 275000...
2017-11-04 03:25:20,427 : INFO : Processing line 276000...
2017-11-04 03:25:38,609 : INFO : Processing line 277000...
2017-11-04 03:25:53,120 : INFO : Processing line 278000...
2017-11-04 03:26:08,424 : INFO : Processing line 279000...
2017-11-04 03:26:24,417 : INFO : Processing line 280000...
2017-11-04 03:26:36,043 : INFO : Processing line 281000...
2017-11-04 03:26:52,636 : INFO : Processing line 282000...
2017-11-04 03:27:10,103 : INFO : Processing line 283000...
2017-11-04 03:27:29,773 : INFO : Processing line 284000...
2017-11-04 03:27:47,162 : INFO : Processing line 285000...
2017-11-04 03:28:01,967 : INFO : Processing line 286000...
2017-11-04 03:28:16,115 : INFO : Processing line 287000...
2017-11-04 03:28:31,021 : INFO : Processing line 288000...
2017-11-04 03:28:47,425 : INFO : Processing line 289000...
2017-11-04 03:29:03,703 : INFO : Processing line 290000...
2017-11-04 03:29:19,268 : INFO : Processing line 291000...
2017-11-04 03:29:34,829 : INFO : Processing line 292000...
2017-11-04 03:29:49,827 : INFO : Processing line 293000...
2017-11-04 03:30:05,087 : INFO : Processing line 294000...
2017-11-04 03:30:21,821 : INFO : Processing line 295000...
2017-11-04 03:30:36,111 : INFO : Processing line 296000...
2017-11-04 03:30:49,832 : INFO : Processing line 297000...
2017-11-04 03:31:05,244 : INFO : Processing line 298000...
2017-11-04 03:31:21,129 : INFO : Processing line 299000...
2017-11-04 03:31:37,122 : INFO : Processing line 300000...
[TIME] Duration for cooccurrence matrix: 110 min
[TIME] Total duration: 154 min
