[MAIN] Char2vec training...
    [INFO] Vector dimension: 300
[TIME] Duration for char2vec: 44 min
[MAIN] Char2clusters training...
    [INFO] Number of clusters: 1000
[TIME] Duration for char2clusters: 0 min
[MAIN] Cooccurrence matrix calculating...
2017-11-03 01:31:18,268 : INFO : loading Word2Vec object from src/output/d_300_k_1000/char2vec.bin
2017-11-03 01:31:18,577 : INFO : loading wv recursively from src/output/d_300_k_1000/char2vec.bin.wv.* with mmap=None
2017-11-03 01:31:18,577 : INFO : setting ignored attribute syn0norm to None
2017-11-03 01:31:18,577 : INFO : setting ignored attribute cum_table to None
2017-11-03 01:31:18,577 : INFO : loaded src/output/d_300_k_1000/char2vec.bin
2017-11-03 01:31:18,652 : INFO : Processing line 0...
2017-11-03 01:32:24,402 : INFO : Processing line 1000...
2017-11-03 01:33:15,337 : INFO : Processing line 2000...
2017-11-03 01:34:02,806 : INFO : Processing line 3000...
2017-11-03 01:34:47,137 : INFO : Processing line 4000...
2017-11-03 01:35:29,448 : INFO : Processing line 5000...
2017-11-03 01:36:06,383 : INFO : Processing line 6000...
2017-11-03 01:36:45,973 : INFO : Processing line 7000...
2017-11-03 01:37:23,080 : INFO : Processing line 8000...
2017-11-03 01:37:59,606 : INFO : Processing line 9000...
2017-11-03 01:38:41,493 : INFO : Processing line 10000...
2017-11-03 01:39:16,611 : INFO : Processing line 11000...
2017-11-03 01:39:49,666 : INFO : Processing line 12000...
2017-11-03 01:40:20,410 : INFO : Processing line 13000...
2017-11-03 01:40:54,961 : INFO : Processing line 14000...
2017-11-03 01:41:29,552 : INFO : Processing line 15000...
2017-11-03 01:42:01,126 : INFO : Processing line 16000...
2017-11-03 01:42:30,822 : INFO : Processing line 17000...
2017-11-03 01:43:00,758 : INFO : Processing line 18000...
2017-11-03 01:43:31,127 : INFO : Processing line 19000...
2017-11-03 01:44:03,169 : INFO : Processing line 20000...
2017-11-03 01:44:32,898 : INFO : Processing line 21000...
2017-11-03 01:45:02,838 : INFO : Processing line 22000...
2017-11-03 01:45:30,587 : INFO : Processing line 23000...
2017-11-03 01:45:59,435 : INFO : Processing line 24000...
2017-11-03 01:46:28,784 : INFO : Processing line 25000...
2017-11-03 01:46:53,510 : INFO : Processing line 26000...
2017-11-03 01:47:19,675 : INFO : Processing line 27000...
2017-11-03 01:47:43,612 : INFO : Processing line 28000...
2017-11-03 01:48:11,711 : INFO : Processing line 29000...
2017-11-03 01:48:43,282 : INFO : Processing line 30000...
2017-11-03 01:49:09,905 : INFO : Processing line 31000...
2017-11-03 01:49:36,235 : INFO : Processing line 32000...
2017-11-03 01:50:03,306 : INFO : Processing line 33000...
2017-11-03 01:50:30,437 : INFO : Processing line 34000...
2017-11-03 01:50:57,734 : INFO : Processing line 35000...
2017-11-03 01:51:22,087 : INFO : Processing line 36000...
2017-11-03 01:51:48,548 : INFO : Processing line 37000...
2017-11-03 01:52:14,990 : INFO : Processing line 38000...
2017-11-03 01:52:41,078 : INFO : Processing line 39000...
2017-11-03 01:53:07,986 : INFO : Processing line 40000...
2017-11-03 01:53:32,697 : INFO : Processing line 41000...
2017-11-03 01:53:56,755 : INFO : Processing line 42000...
2017-11-03 01:54:21,722 : INFO : Processing line 43000...
2017-11-03 01:54:46,351 : INFO : Processing line 44000...
2017-11-03 01:55:12,171 : INFO : Processing line 45000...
2017-11-03 01:55:37,406 : INFO : Processing line 46000...
2017-11-03 01:56:01,481 : INFO : Processing line 47000...
2017-11-03 01:56:25,803 : INFO : Processing line 48000...
2017-11-03 01:56:48,847 : INFO : Processing line 49000...
2017-11-03 01:57:16,139 : INFO : Processing line 50000...
2017-11-03 01:57:39,117 : INFO : Processing line 51000...
2017-11-03 01:58:01,402 : INFO : Processing line 52000...
2017-11-03 01:58:26,826 : INFO : Processing line 53000...
2017-11-03 01:58:48,831 : INFO : Processing line 54000...
2017-11-03 01:59:10,121 : INFO : Processing line 55000...
2017-11-03 01:59:33,561 : INFO : Processing line 56000...
2017-11-03 01:59:57,250 : INFO : Processing line 57000...
2017-11-03 02:00:21,394 : INFO : Processing line 58000...
2017-11-03 02:00:46,150 : INFO : Processing line 59000...
2017-11-03 02:01:08,658 : INFO : Processing line 60000...
2017-11-03 02:01:29,767 : INFO : Processing line 61000...
2017-11-03 02:01:52,395 : INFO : Processing line 62000...
2017-11-03 02:02:13,007 : INFO : Processing line 63000...
2017-11-03 02:02:35,081 : INFO : Processing line 64000...
2017-11-03 02:02:57,904 : INFO : Processing line 65000...
2017-11-03 02:03:20,213 : INFO : Processing line 66000...
2017-11-03 02:03:40,992 : INFO : Processing line 67000...
2017-11-03 02:04:06,074 : INFO : Processing line 68000...
2017-11-03 02:04:26,890 : INFO : Processing line 69000...
2017-11-03 02:04:49,463 : INFO : Processing line 70000...
2017-11-03 02:05:09,929 : INFO : Processing line 71000...
2017-11-03 02:05:30,416 : INFO : Processing line 72000...
2017-11-03 02:05:52,798 : INFO : Processing line 73000...
2017-11-03 02:06:13,975 : INFO : Processing line 74000...
2017-11-03 02:06:37,506 : INFO : Processing line 75000...
2017-11-03 02:07:00,021 : INFO : Processing line 76000...
2017-11-03 02:07:20,058 : INFO : Processing line 77000...
2017-11-03 02:07:39,962 : INFO : Processing line 78000...
2017-11-03 02:08:01,193 : INFO : Processing line 79000...
2017-11-03 02:08:25,460 : INFO : Processing line 80000...
2017-11-03 02:08:45,177 : INFO : Processing line 81000...
2017-11-03 02:09:04,024 : INFO : Processing line 82000...
2017-11-03 02:09:24,259 : INFO : Processing line 83000...
2017-11-03 02:09:43,297 : INFO : Processing line 84000...
2017-11-03 02:10:03,562 : INFO : Processing line 85000...
2017-11-03 02:10:24,278 : INFO : Processing line 86000...
2017-11-03 02:10:46,334 : INFO : Processing line 87000...
2017-11-03 02:11:05,639 : INFO : Processing line 88000...
2017-11-03 02:11:27,318 : INFO : Processing line 89000...
2017-11-03 02:11:46,017 : INFO : Processing line 90000...
2017-11-03 02:12:05,916 : INFO : Processing line 91000...
2017-11-03 02:12:26,856 : INFO : Processing line 92000...
2017-11-03 02:12:46,875 : INFO : Processing line 93000...
2017-11-03 02:13:07,092 : INFO : Processing line 94000...
2017-11-03 02:13:27,401 : INFO : Processing line 95000...
2017-11-03 02:13:46,829 : INFO : Processing line 96000...
2017-11-03 02:14:09,451 : INFO : Processing line 97000...
2017-11-03 02:14:31,941 : INFO : Processing line 98000...
2017-11-03 02:14:54,420 : INFO : Processing line 99000...
2017-11-03 02:15:15,753 : INFO : Processing line 100000...
2017-11-03 02:15:36,478 : INFO : Processing line 101000...
2017-11-03 02:15:55,045 : INFO : Processing line 102000...
2017-11-03 02:16:13,170 : INFO : Processing line 103000...
2017-11-03 02:16:31,603 : INFO : Processing line 104000...
2017-11-03 02:16:50,863 : INFO : Processing line 105000...
2017-11-03 02:17:11,083 : INFO : Processing line 106000...
2017-11-03 02:17:31,313 : INFO : Processing line 107000...
2017-11-03 02:17:51,216 : INFO : Processing line 108000...
2017-11-03 02:18:10,915 : INFO : Processing line 109000...
2017-11-03 02:18:28,706 : INFO : Processing line 110000...
2017-11-03 02:18:48,497 : INFO : Processing line 111000...
2017-11-03 02:19:07,851 : INFO : Processing line 112000...
2017-11-03 02:19:25,315 : INFO : Processing line 113000...
2017-11-03 02:19:46,044 : INFO : Processing line 114000...
2017-11-03 02:20:05,193 : INFO : Processing line 115000...
2017-11-03 02:20:19,422 : INFO : Processing line 116000...
2017-11-03 02:20:38,031 : INFO : Processing line 117000...
2017-11-03 02:20:57,392 : INFO : Processing line 118000...
2017-11-03 02:21:12,254 : INFO : Processing line 119000...
2017-11-03 02:21:31,642 : INFO : Processing line 120000...
2017-11-03 02:21:53,647 : INFO : Processing line 121000...
2017-11-03 02:22:14,397 : INFO : Processing line 122000...
2017-11-03 02:22:33,966 : INFO : Processing line 123000...
2017-11-03 02:22:55,890 : INFO : Processing line 124000...
2017-11-03 02:23:19,331 : INFO : Processing line 125000...
2017-11-03 02:23:39,967 : INFO : Processing line 126000...
2017-11-03 02:24:02,367 : INFO : Processing line 127000...
2017-11-03 02:24:24,681 : INFO : Processing line 128000...
2017-11-03 02:24:43,611 : INFO : Processing line 129000...
2017-11-03 02:25:02,843 : INFO : Processing line 130000...
2017-11-03 02:25:23,387 : INFO : Processing line 131000...
2017-11-03 02:25:46,664 : INFO : Processing line 132000...
2017-11-03 02:26:06,777 : INFO : Processing line 133000...
2017-11-03 02:26:26,073 : INFO : Processing line 134000...
2017-11-03 02:26:44,665 : INFO : Processing line 135000...
2017-11-03 02:27:02,933 : INFO : Processing line 136000...
2017-11-03 02:27:20,540 : INFO : Processing line 137000...
2017-11-03 02:27:38,463 : INFO : Processing line 138000...
2017-11-03 02:27:58,991 : INFO : Processing line 139000...
2017-11-03 02:28:18,533 : INFO : Processing line 140000...
2017-11-03 02:28:36,322 : INFO : Processing line 141000...
2017-11-03 02:28:56,277 : INFO : Processing line 142000...
2017-11-03 02:29:17,284 : INFO : Processing line 143000...
2017-11-03 02:29:37,821 : INFO : Processing line 144000...
2017-11-03 02:29:59,397 : INFO : Processing line 145000...
2017-11-03 02:30:18,016 : INFO : Processing line 146000...
2017-11-03 02:30:39,484 : INFO : Processing line 147000...
2017-11-03 02:30:59,212 : INFO : Processing line 148000...
2017-11-03 02:31:18,681 : INFO : Processing line 149000...
2017-11-03 02:31:37,410 : INFO : Processing line 150000...
2017-11-03 02:31:55,049 : INFO : Processing line 151000...
2017-11-03 02:32:15,422 : INFO : Processing line 152000...
2017-11-03 02:32:36,408 : INFO : Processing line 153000...
2017-11-03 02:32:58,307 : INFO : Processing line 154000...
2017-11-03 02:33:17,997 : INFO : Processing line 155000...
2017-11-03 02:33:37,966 : INFO : Processing line 156000...
2017-11-03 02:33:57,321 : INFO : Processing line 157000...
2017-11-03 02:34:16,981 : INFO : Processing line 158000...
2017-11-03 02:34:36,303 : INFO : Processing line 159000...
2017-11-03 02:34:57,397 : INFO : Processing line 160000...
2017-11-03 02:35:17,735 : INFO : Processing line 161000...
2017-11-03 02:35:40,584 : INFO : Processing line 162000...
2017-11-03 02:35:57,812 : INFO : Processing line 163000...
2017-11-03 02:36:13,507 : INFO : Processing line 164000...
2017-11-03 02:36:32,139 : INFO : Processing line 165000...
2017-11-03 02:36:51,199 : INFO : Processing line 166000...
2017-11-03 02:37:08,303 : INFO : Processing line 167000...
2017-11-03 02:37:27,451 : INFO : Processing line 168000...
2017-11-03 02:37:43,842 : INFO : Processing line 169000...
2017-11-03 02:38:02,191 : INFO : Processing line 170000...
2017-11-03 02:38:21,308 : INFO : Processing line 171000...
2017-11-03 02:38:39,346 : INFO : Processing line 172000...
2017-11-03 02:38:58,235 : INFO : Processing line 173000...
2017-11-03 02:39:19,470 : INFO : Processing line 174000...
2017-11-03 02:39:35,908 : INFO : Processing line 175000...
2017-11-03 02:39:53,894 : INFO : Processing line 176000...
2017-11-03 02:40:11,440 : INFO : Processing line 177000...
2017-11-03 02:40:28,154 : INFO : Processing line 178000...
2017-11-03 02:40:43,735 : INFO : Processing line 179000...
2017-11-03 02:41:02,545 : INFO : Processing line 180000...
2017-11-03 02:41:18,430 : INFO : Processing line 181000...
2017-11-03 02:41:33,240 : INFO : Processing line 182000...
2017-11-03 02:41:47,567 : INFO : Processing line 183000...
2017-11-03 02:42:03,436 : INFO : Processing line 184000...
2017-11-03 02:42:20,841 : INFO : Processing line 185000...
2017-11-03 02:42:37,910 : INFO : Processing line 186000...
2017-11-03 02:42:53,691 : INFO : Processing line 187000...
2017-11-03 02:43:07,766 : INFO : Processing line 188000...
2017-11-03 02:43:23,161 : INFO : Processing line 189000...
2017-11-03 02:43:39,295 : INFO : Processing line 190000...
2017-11-03 02:43:57,137 : INFO : Processing line 191000...
2017-11-03 02:44:14,417 : INFO : Processing line 192000...
2017-11-03 02:44:31,175 : INFO : Processing line 193000...
2017-11-03 02:44:48,757 : INFO : Processing line 194000...
2017-11-03 02:45:10,268 : INFO : Processing line 195000...
2017-11-03 02:45:26,336 : INFO : Processing line 196000...
2017-11-03 02:45:44,072 : INFO : Processing line 197000...
2017-11-03 02:46:00,600 : INFO : Processing line 198000...
2017-11-03 02:46:15,560 : INFO : Processing line 199000...
2017-11-03 02:46:32,340 : INFO : Processing line 200000...
2017-11-03 02:46:51,400 : INFO : Processing line 201000...
2017-11-03 02:47:06,236 : INFO : Processing line 202000...
2017-11-03 02:47:23,019 : INFO : Processing line 203000...
2017-11-03 02:47:36,990 : INFO : Processing line 204000...
2017-11-03 02:47:52,330 : INFO : Processing line 205000...
2017-11-03 02:48:11,647 : INFO : Processing line 206000...
2017-11-03 02:48:28,295 : INFO : Processing line 207000...
2017-11-03 02:48:41,735 : INFO : Processing line 208000...
2017-11-03 02:48:57,997 : INFO : Processing line 209000...
2017-11-03 02:49:13,743 : INFO : Processing line 210000...
2017-11-03 02:49:30,892 : INFO : Processing line 211000...
2017-11-03 02:49:47,379 : INFO : Processing line 212000...
2017-11-03 02:50:11,763 : INFO : Processing line 213000...
2017-11-03 02:50:31,900 : INFO : Processing line 214000...
2017-11-03 02:50:52,785 : INFO : Processing line 215000...
2017-11-03 02:51:10,320 : INFO : Processing line 216000...
2017-11-03 02:51:29,250 : INFO : Processing line 217000...
2017-11-03 02:51:46,244 : INFO : Processing line 218000...
2017-11-03 02:52:02,967 : INFO : Processing line 219000...
2017-11-03 02:52:22,348 : INFO : Processing line 220000...
2017-11-03 02:52:43,659 : INFO : Processing line 221000...
2017-11-03 02:53:00,463 : INFO : Processing line 222000...
2017-11-03 02:53:20,524 : INFO : Processing line 223000...
2017-11-03 02:53:40,215 : INFO : Processing line 224000...
2017-11-03 02:53:58,618 : INFO : Processing line 225000...
2017-11-03 02:54:16,070 : INFO : Processing line 226000...
2017-11-03 02:54:35,336 : INFO : Processing line 227000...
2017-11-03 02:54:52,071 : INFO : Processing line 228000...
2017-11-03 02:55:08,743 : INFO : Processing line 229000...
2017-11-03 02:55:25,712 : INFO : Processing line 230000...
2017-11-03 02:55:42,887 : INFO : Processing line 231000...
2017-11-03 02:55:58,812 : INFO : Processing line 232000...
2017-11-03 02:56:16,076 : INFO : Processing line 233000...
2017-11-03 02:56:33,395 : INFO : Processing line 234000...
2017-11-03 02:56:49,970 : INFO : Processing line 235000...
2017-11-03 02:57:08,282 : INFO : Processing line 236000...
2017-11-03 02:57:23,856 : INFO : Processing line 237000...
2017-11-03 02:57:42,546 : INFO : Processing line 238000...
2017-11-03 02:58:02,586 : INFO : Processing line 239000...
2017-11-03 02:58:22,453 : INFO : Processing line 240000...
2017-11-03 02:58:42,773 : INFO : Processing line 241000...
2017-11-03 02:59:00,775 : INFO : Processing line 242000...
2017-11-03 02:59:18,871 : INFO : Processing line 243000...
2017-11-03 02:59:38,899 : INFO : Processing line 244000...
2017-11-03 02:59:58,366 : INFO : Processing line 245000...
2017-11-03 03:00:15,562 : INFO : Processing line 246000...
2017-11-03 03:00:35,702 : INFO : Processing line 247000...
2017-11-03 03:00:53,945 : INFO : Processing line 248000...
2017-11-03 03:01:11,085 : INFO : Processing line 249000...
2017-11-03 03:01:28,189 : INFO : Processing line 250000...
2017-11-03 03:01:47,518 : INFO : Processing line 251000...
2017-11-03 03:02:07,034 : INFO : Processing line 252000...
2017-11-03 03:02:26,177 : INFO : Processing line 253000...
2017-11-03 03:02:45,097 : INFO : Processing line 254000...
2017-11-03 03:03:05,628 : INFO : Processing line 255000...
2017-11-03 03:03:24,123 : INFO : Processing line 256000...
2017-11-03 03:03:41,740 : INFO : Processing line 257000...
2017-11-03 03:04:02,426 : INFO : Processing line 258000...
2017-11-03 03:04:20,526 : INFO : Processing line 259000...
2017-11-03 03:04:37,661 : INFO : Processing line 260000...
2017-11-03 03:04:54,010 : INFO : Processing line 261000...
2017-11-03 03:05:11,947 : INFO : Processing line 262000...
2017-11-03 03:05:30,165 : INFO : Processing line 263000...
2017-11-03 03:05:51,865 : INFO : Processing line 264000...
2017-11-03 03:06:10,836 : INFO : Processing line 265000...
2017-11-03 03:06:28,817 : INFO : Processing line 266000...
2017-11-03 03:06:45,465 : INFO : Processing line 267000...
2017-11-03 03:07:03,742 : INFO : Processing line 268000...
2017-11-03 03:07:18,826 : INFO : Processing line 269000...
2017-11-03 03:07:35,081 : INFO : Processing line 270000...
2017-11-03 03:07:49,890 : INFO : Processing line 271000...
2017-11-03 03:08:06,397 : INFO : Processing line 272000...
2017-11-03 03:08:22,333 : INFO : Processing line 273000...
2017-11-03 03:08:38,395 : INFO : Processing line 274000...
2017-11-03 03:08:56,846 : INFO : Processing line 275000...
2017-11-03 03:09:13,328 : INFO : Processing line 276000...
2017-11-03 03:09:30,644 : INFO : Processing line 277000...
2017-11-03 03:09:44,589 : INFO : Processing line 278000...
2017-11-03 03:09:59,307 : INFO : Processing line 279000...
2017-11-03 03:10:14,670 : INFO : Processing line 280000...
2017-11-03 03:10:25,779 : INFO : Processing line 281000...
2017-11-03 03:10:41,617 : INFO : Processing line 282000...
2017-11-03 03:10:58,321 : INFO : Processing line 283000...
2017-11-03 03:11:17,294 : INFO : Processing line 284000...
2017-11-03 03:11:33,917 : INFO : Processing line 285000...
2017-11-03 03:11:48,111 : INFO : Processing line 286000...
2017-11-03 03:12:01,675 : INFO : Processing line 287000...
2017-11-03 03:12:16,033 : INFO : Processing line 288000...
2017-11-03 03:12:31,682 : INFO : Processing line 289000...
2017-11-03 03:12:47,375 : INFO : Processing line 290000...
2017-11-03 03:13:02,267 : INFO : Processing line 291000...
2017-11-03 03:13:17,250 : INFO : Processing line 292000...
2017-11-03 03:13:31,705 : INFO : Processing line 293000...
2017-11-03 03:13:46,216 : INFO : Processing line 294000...
2017-11-03 03:14:02,020 : INFO : Processing line 295000...
2017-11-03 03:14:15,786 : INFO : Processing line 296000...
2017-11-03 03:14:28,861 : INFO : Processing line 297000...
2017-11-03 03:14:43,758 : INFO : Processing line 298000...
2017-11-03 03:14:58,830 : INFO : Processing line 299000...
2017-11-03 03:15:14,257 : INFO : Processing line 300000...
[TIME] Duration for cooccurrence matrix: 105 min
[TIME] Total duration: 149 min
